  CHIP8.cpp
c:\program files (x86)\microsoft visual studio\2017\community\vc\tools\msvc\14.14.26428\include\tuple(191): error C2079: 'std::_Tuple_val<_This>::_Val' uses undefined struct 'SDL_Renderer'
          with
          [
              _This=SDL_Renderer
          ]
  c:\program files (x86)\microsoft visual studio\2017\community\vc\tools\msvc\14.14.26428\include\tuple(674): note: see reference to class template instantiation 'std::_Tuple_val<_This>' being compiled
          with
          [
              _This=SDL_Renderer
          ]
  c:\program files (x86)\microsoft visual studio\2017\community\vc\tools\msvc\14.14.26428\include\tuple(268): note: see reference to class template instantiation 'std::tuple<SDL_Renderer,processor>' being compiled
  c:\program files (x86)\microsoft visual studio\2017\community\vc\tools\msvc\14.14.26428\include\thread(46): note: see reference to class template instantiation 'std::tuple<void (__cdecl *)(SDL_Renderer *&,processor &),SDL_Renderer,processor>' being compiled
  c:\users\spenc\source\repos\chip8-emulator2\chip8\chip8.cpp(82): note: see reference to function template instantiation 'std::thread::thread<void(__cdecl &)(SDL_Renderer *&,processor &),SDL_Renderer&,processor&,void>(_Fn,SDL_Renderer &,processor &)' being compiled
          with
          [
              _Fn=void (__cdecl &)(SDL_Renderer *&,processor &)
          ]
c:\program files (x86)\microsoft visual studio\2017\community\vc\tools\msvc\14.14.26428\include\type_traits(725): error C2139: 'SDL_Renderer': an undefined class is not allowed as an argument to compiler intrinsic type trait '__is_constructible'
  d:\sdl2-2.0.8\include\sdl_render.h(122): note: see declaration of 'SDL_Renderer'
  c:\program files (x86)\microsoft visual studio\2017\community\vc\tools\msvc\14.14.26428\include\type_traits(749): note: see reference to class template instantiation 'std::is_constructible<_Ty>' being compiled
          with
          [
              _Ty=SDL_Renderer
          ]
  c:\program files (x86)\microsoft visual studio\2017\community\vc\tools\msvc\14.14.26428\include\type_traits(1358): note: see reference to class template instantiation 'std::is_default_constructible<_This2>' being compiled
          with
          [
              _This2=SDL_Renderer
          ]
  c:\program files (x86)\microsoft visual studio\2017\community\vc\tools\msvc\14.14.26428\include\type_traits(1364): note: see reference to class template instantiation 'std::conjunction<std::is_default_constructible<_This2>,std::is_default_constructible<processor>>' being compiled
          with
          [
              _This2=SDL_Renderer
          ]
  c:\program files (x86)\microsoft visual studio\2017\community\vc\tools\msvc\14.14.26428\include\tuple(328): note: see reference to variable template 'const bool conjunction_v<std::is_default_constructible<SDL_Renderer>,std::is_default_constructible<processor> >' being compiled
